[debug] [2020-12-22T08:08:04.370Z] ----------------------------------------------------------------------
[debug] [2020-12-22T08:08:04.372Z] Command:       /usr/bin/node /bin/firebase deploy --only functions
[debug] [2020-12-22T08:08:04.372Z] CLI Version:   9.1.0
[debug] [2020-12-22T08:08:04.373Z] Platform:      linux
[debug] [2020-12-22T08:08:04.373Z] Node Version:  v12.20.0
[debug] [2020-12-22T08:08:04.373Z] Time:          Tue Dec 22 2020 10:08:04 GMT+0200 (Israel Standard Time)
[debug] [2020-12-22T08:08:04.373Z] ----------------------------------------------------------------------
[debug] [2020-12-22T08:08:04.373Z] 
[debug] [2020-12-22T08:08:04.378Z] > command requires scopes: ["email","openid","https://www.googleapis.com/auth/cloudplatformprojects.readonly","https://www.googleapis.com/auth/firebase","https://www.googleapis.com/auth/cloud-platform"]
[debug] [2020-12-22T08:08:04.379Z] > authorizing via signed-in user
[debug] [2020-12-22T08:08:04.379Z] [iam] checking project hrfmobile-5638b for permissions ["cloudfunctions.functions.create","cloudfunctions.functions.delete","cloudfunctions.functions.get","cloudfunctions.functions.list","cloudfunctions.functions.update","cloudfunctions.operations.get","firebase.projects.get"]
[debug] [2020-12-22T08:08:04.381Z] >>> HTTP REQUEST POST https://cloudresourcemanager.googleapis.com/v1/projects/hrfmobile-5638b:testIamPermissions  
 {"permissions":["cloudfunctions.functions.create","cloudfunctions.functions.delete","cloudfunctions.functions.get","cloudfunctions.functions.list","cloudfunctions.functions.update","cloudfunctions.operations.get","firebase.projects.get"]}
[debug] [2020-12-22T08:08:05.254Z] <<< HTTP RESPONSE 200 {"content-type":"application/json; charset=UTF-8","vary":"X-Origin, Referer, Origin,Accept-Encoding","date":"Tue, 22 Dec 2020 08:08:05 GMT","server":"ESF","cache-control":"private","x-xss-protection":"0","x-frame-options":"SAMEORIGIN","x-content-type-options":"nosniff","server-timing":"gfet4t7; dur=614","alt-svc":"h3-29=\":443\"; ma=2592000,h3-T051=\":443\"; ma=2592000,h3-Q050=\":443\"; ma=2592000,h3-Q046=\":443\"; ma=2592000,h3-Q043=\":443\"; ma=2592000,quic=\":443\"; ma=2592000; v=\"46,43\"","accept-ranges":"none","transfer-encoding":"chunked"}
[debug] [2020-12-22T08:08:05.256Z] >>> HTTP REQUEST POST https://iam.googleapis.com/v1/projects/hrfmobile-5638b/serviceAccounts/hrfmobile-5638b@appspot.gserviceaccount.com:testIamPermissions  
 {"permissions":["iam.serviceAccounts.actAs"]}
[debug] [2020-12-22T08:08:05.616Z] <<< HTTP RESPONSE 200 {"content-type":"application/json; charset=UTF-8","vary":"X-Origin, Referer, Origin,Accept-Encoding","date":"Tue, 22 Dec 2020 08:08:05 GMT","server":"ESF","cache-control":"private","x-xss-protection":"0","x-frame-options":"SAMEORIGIN","x-content-type-options":"nosniff","alt-svc":"h3-29=\":443\"; ma=2592000,h3-T051=\":443\"; ma=2592000,h3-Q050=\":443\"; ma=2592000,h3-Q046=\":443\"; ma=2592000,h3-Q043=\":443\"; ma=2592000,quic=\":443\"; ma=2592000; v=\"46,43\"","accept-ranges":"none","transfer-encoding":"chunked"}
[warn] ⚠  functions: package.json indicates an outdated version of firebase-functions.
Please upgrade using npm install --save firebase-functions@latest in your functions directory. 
[info] 
[info] === Deploying to 'hrfmobile-5638b'...
[info] 
[info] i  deploying functions 
[debug] [2020-12-22T08:08:07.493Z] > [functions] package.json contents: {
  "name": "functions",
  "description": "Cloud Functions for Firebase",
  "scripts": {
    "lint": "eslint .",
    "serve": "firebase emulators:start --only functions",
    "shell": "firebase functions:shell",
    "start": "npm run shell",
    "deploy": "firebase deploy --only functions",
    "logs": "firebase functions:log"
  },
  "engines": {
    "node": "10"
  },
  "main": "index.js",
  "dependencies": {
    "cors": "^2.8.5",
    "firebase-admin": "^8.10.0",
    "firebase-functions": "^3.6.1",
    "json2csv": "^5.0.3",
    "moment-timezone": "^0.5.31",
    "nodemailer": "^6.4.11",
    "uuidv4": "^6.2.4"
  },
  "devDependencies": {
    "eslint": "^5.12.0",
    "eslint-plugin-promise": "^4.0.1",
    "firebase-functions-test": "^0.2.0"
  },
  "private": true
}
[info] i  functions: ensuring required API cloudfunctions.googleapis.com is enabled... 
[info] i  functions: ensuring required API cloudbuild.googleapis.com is enabled... 
[debug] [2020-12-22T08:08:08.552Z] >>> HTTP REQUEST GET https://serviceusage.googleapis.com/v1/projects/hrfmobile-5638b/services/cloudfunctions.googleapis.com  
 
[debug] [2020-12-22T08:08:08.553Z] >>> HTTP REQUEST GET https://serviceusage.googleapis.com/v1/projects/hrfmobile-5638b/services/runtimeconfig.googleapis.com  
 
[debug] [2020-12-22T08:08:08.553Z] >>> HTTP REQUEST GET https://serviceusage.googleapis.com/v1/projects/hrfmobile-5638b/services/cloudbuild.googleapis.com  
 
[debug] [2020-12-22T08:08:09.654Z] <<< HTTP RESPONSE 200 {"content-type":"application/json; charset=UTF-8","vary":"X-Origin, Referer, Origin,Accept-Encoding","date":"Tue, 22 Dec 2020 08:08:09 GMT","server":"ESF","cache-control":"private","x-xss-protection":"0","x-frame-options":"SAMEORIGIN","x-content-type-options":"nosniff","alt-svc":"h3-29=\":443\"; ma=2592000,h3-T051=\":443\"; ma=2592000,h3-Q050=\":443\"; ma=2592000,h3-Q046=\":443\"; ma=2592000,h3-Q043=\":443\"; ma=2592000,quic=\":443\"; ma=2592000; v=\"46,43\"","accept-ranges":"none","transfer-encoding":"chunked"}
[debug] [2020-12-22T08:08:09.739Z] <<< HTTP RESPONSE 200 {"content-type":"application/json; charset=UTF-8","vary":"X-Origin, Referer, Origin,Accept-Encoding","date":"Tue, 22 Dec 2020 08:08:09 GMT","server":"ESF","cache-control":"private","x-xss-protection":"0","x-frame-options":"SAMEORIGIN","x-content-type-options":"nosniff","alt-svc":"h3-29=\":443\"; ma=2592000,h3-T051=\":443\"; ma=2592000,h3-Q050=\":443\"; ma=2592000,h3-Q046=\":443\"; ma=2592000,h3-Q043=\":443\"; ma=2592000,quic=\":443\"; ma=2592000; v=\"46,43\"","accept-ranges":"none","transfer-encoding":"chunked"}
[info] ✔  functions: required API cloudbuild.googleapis.com is enabled 
[debug] [2020-12-22T08:08:09.789Z] <<< HTTP RESPONSE 200 {"content-type":"application/json; charset=UTF-8","vary":"X-Origin, Referer, Origin,Accept-Encoding","date":"Tue, 22 Dec 2020 08:08:09 GMT","server":"ESF","cache-control":"private","x-xss-protection":"0","x-frame-options":"SAMEORIGIN","x-content-type-options":"nosniff","alt-svc":"h3-29=\":443\"; ma=2592000,h3-T051=\":443\"; ma=2592000,h3-Q050=\":443\"; ma=2592000,h3-Q046=\":443\"; ma=2592000,h3-Q043=\":443\"; ma=2592000,quic=\":443\"; ma=2592000; v=\"46,43\"","accept-ranges":"none","transfer-encoding":"chunked"}
[info] ✔  functions: required API cloudfunctions.googleapis.com is enabled 
[debug] [2020-12-22T08:08:09.791Z] >>> HTTP REQUEST GET https://firebase.googleapis.com/v1beta1/projects/hrfmobile-5638b/adminSdkConfig  
 
[debug] [2020-12-22T08:08:10.286Z] <<< HTTP RESPONSE 200 {"content-type":"application/json; charset=UTF-8","vary":"X-Origin, Referer, Origin,Accept-Encoding","date":"Tue, 22 Dec 2020 08:08:10 GMT","server":"ESF","cache-control":"private","x-xss-protection":"0","x-frame-options":"SAMEORIGIN","x-content-type-options":"nosniff","alt-svc":"h3-29=\":443\"; ma=2592000,h3-T051=\":443\"; ma=2592000,h3-Q050=\":443\"; ma=2592000,h3-Q046=\":443\"; ma=2592000,h3-Q043=\":443\"; ma=2592000,quic=\":443\"; ma=2592000; v=\"46,43\"","accept-ranges":"none","transfer-encoding":"chunked"}
[info] i  functions: preparing functions directory for uploading... 
[debug] [2020-12-22T08:08:10.287Z] >>> HTTP REQUEST GET https://runtimeconfig.googleapis.com/v1beta1/projects/hrfmobile-5638b/configs  
 
[debug] [2020-12-22T08:08:10.683Z] <<< HTTP RESPONSE 200 {"content-type":"application/json; charset=UTF-8","vary":"X-Origin, Referer, Origin,Accept-Encoding","date":"Tue, 22 Dec 2020 08:08:10 GMT","server":"ESF","cache-control":"private","x-xss-protection":"0","x-frame-options":"SAMEORIGIN","x-content-type-options":"nosniff","alt-svc":"h3-29=\":443\"; ma=2592000,h3-T051=\":443\"; ma=2592000,h3-Q050=\":443\"; ma=2592000,h3-Q046=\":443\"; ma=2592000,h3-Q043=\":443\"; ma=2592000,quic=\":443\"; ma=2592000; v=\"46,43\"","accept-ranges":"none","transfer-encoding":"chunked"}
[debug] [2020-12-22T08:08:10.686Z] >>> HTTP REQUEST GET https://runtimeconfig.googleapis.com/v1beta1/projects/hrfmobile-5638b/configs/gmail/variables  
 
[debug] [2020-12-22T08:08:11.299Z] <<< HTTP RESPONSE 200 {"content-type":"application/json; charset=UTF-8","vary":"X-Origin, Referer, Origin,Accept-Encoding","date":"Tue, 22 Dec 2020 08:08:11 GMT","server":"ESF","cache-control":"private","x-xss-protection":"0","x-frame-options":"SAMEORIGIN","x-content-type-options":"nosniff","alt-svc":"h3-29=\":443\"; ma=2592000,h3-T051=\":443\"; ma=2592000,h3-Q050=\":443\"; ma=2592000,h3-Q046=\":443\"; ma=2592000,h3-Q043=\":443\"; ma=2592000,quic=\":443\"; ma=2592000; v=\"46,43\"","accept-ranges":"none","transfer-encoding":"chunked"}
[debug] [2020-12-22T08:08:11.300Z] >>> HTTP REQUEST GET https://runtimeconfig.googleapis.com/v1beta1/projects/hrfmobile-5638b/configs/gmail/variables/email  
 
[debug] [2020-12-22T08:08:11.301Z] >>> HTTP REQUEST GET https://runtimeconfig.googleapis.com/v1beta1/projects/hrfmobile-5638b/configs/gmail/variables/password  
 
[debug] [2020-12-22T08:08:11.776Z] <<< HTTP RESPONSE 200 {"content-type":"application/json; charset=UTF-8","vary":"X-Origin, Referer, Origin,Accept-Encoding","date":"Tue, 22 Dec 2020 08:08:11 GMT","server":"ESF","cache-control":"private","x-xss-protection":"0","x-frame-options":"SAMEORIGIN","x-content-type-options":"nosniff","alt-svc":"h3-29=\":443\"; ma=2592000,h3-T051=\":443\"; ma=2592000,h3-Q050=\":443\"; ma=2592000,h3-Q046=\":443\"; ma=2592000,h3-Q043=\":443\"; ma=2592000,quic=\":443\"; ma=2592000; v=\"46,43\"","accept-ranges":"none","transfer-encoding":"chunked"}
[debug] [2020-12-22T08:08:11.779Z] <<< HTTP RESPONSE 200 {"content-type":"application/json; charset=UTF-8","vary":"X-Origin, Referer, Origin,Accept-Encoding","date":"Tue, 22 Dec 2020 08:08:11 GMT","server":"ESF","cache-control":"private","x-xss-protection":"0","x-frame-options":"SAMEORIGIN","x-content-type-options":"nosniff","alt-svc":"h3-29=\":443\"; ma=2592000,h3-T051=\":443\"; ma=2592000,h3-Q050=\":443\"; ma=2592000,h3-Q046=\":443\"; ma=2592000,h3-Q043=\":443\"; ma=2592000,quic=\":443\"; ma=2592000; v=\"46,43\"","accept-ranges":"none","transfer-encoding":"chunked"}
[info] i  functions: packaged functions (44.78 KB) for uploading 
[debug] [2020-12-22T08:08:11.962Z] >>> HTTP REQUEST GET https://cloudfunctions.googleapis.com/v1/projects/hrfmobile-5638b/locations/-/functions  
 
[debug] [2020-12-22T08:08:12.645Z] <<< HTTP RESPONSE 200 {"content-type":"application/json; charset=UTF-8","vary":"X-Origin, Referer, Origin,Accept-Encoding","date":"Tue, 22 Dec 2020 08:08:12 GMT","server":"ESF","cache-control":"private","x-xss-protection":"0","x-frame-options":"SAMEORIGIN","x-content-type-options":"nosniff","alt-svc":"h3-29=\":443\"; ma=2592000,h3-T051=\":443\"; ma=2592000,h3-Q050=\":443\"; ma=2592000,h3-Q046=\":443\"; ma=2592000,h3-Q043=\":443\"; ma=2592000,quic=\":443\"; ma=2592000; v=\"46,43\"","accept-ranges":"none","transfer-encoding":"chunked"}
[debug] [2020-12-22T08:08:12.653Z] >>> HTTP REQUEST POST https://cloudfunctions.googleapis.com/v1/projects/hrfmobile-5638b/locations/us-central1/functions:generateUploadUrl  
 
[debug] [2020-12-22T08:08:13.442Z] <<< HTTP RESPONSE 200 {"content-type":"application/json; charset=UTF-8","vary":"X-Origin, Referer, Origin,Accept-Encoding","date":"Tue, 22 Dec 2020 08:08:13 GMT","server":"ESF","cache-control":"private","x-xss-protection":"0","x-frame-options":"SAMEORIGIN","x-content-type-options":"nosniff","alt-svc":"h3-29=\":443\"; ma=2592000,h3-T051=\":443\"; ma=2592000,h3-Q050=\":443\"; ma=2592000,h3-Q046=\":443\"; ma=2592000,h3-Q043=\":443\"; ma=2592000,quic=\":443\"; ma=2592000; v=\"46,43\"","accept-ranges":"none","transfer-encoding":"chunked"}
[debug] [2020-12-22T08:08:13.443Z] >>> HTTP REQUEST PUT https://storage.googleapis.com/gcf-upload-us-central1-05002fbc-762c-4eca-b647-1cc10bbc5813/7813ceeb-22e7-4aaf-9f3f-50a9a9c87dfa.zip?GoogleAccessId=service-289707998906@gcf-admin-robot.iam.gserviceaccount.com&Expires=1608626293&Signature=VuTusFtrHZApD7Jk4q5Q9asvLcgZWKt0PZauH0Tk2C7pyovdpFe8aHWl%2B55KM7tK87yPKg79aULoRD%2F%2Fmcl32Oqxn4fEQgkMS34puuvbcFsjgvk8f%2BAul9QOXF3IzXL%2F%2BwXv06S%2BkfLc7bwdcU2qpmUCbUan%2Buty9iimij65zivdWgC5mpzL0jk7hJ8aY3cv1Y43NfSWICOjPsLTFHH%2FldzUy5Fs3rOWoe0v%2FnY4tDWJP2oe5mDrRO1d9adHOE747C1Hd8DXT7w3OMeKlKeCIows0l%2FJpXC5%2B2iISG8PKcAfNc5zlW9Gpy4cRNEhVAXeF8XADyD%2BYIR96Ga93yHJZg%3D%3D  
 <request body omitted>
[debug] [2020-12-22T08:08:14.034Z] <<< HTTP RESPONSE 200 {"x-guploader-uploadid":"ABg5-Uwh_nMEqIrNbXEG6WDW6hZR2JsCgF2vvI_QnTRyLJKhLg-qdu35MXVvKmkEF5zlmYV0S6k9NkiVZ1rCn18IICE","etag":"\"dc066534016612e5d3b5846985bf1737\"","x-goog-generation":"1608624493929491","x-goog-metageneration":"1","x-goog-hash":"crc32c=mXEqeA==, md5=3AZlNAFmEuXTtYRphb8XNw==","x-goog-stored-content-length":"45858","x-goog-stored-content-encoding":"identity","vary":"Origin","content-length":"0","date":"Tue, 22 Dec 2020 08:08:13 GMT","server":"UploadServer","content-type":"text/html; charset=UTF-8","alt-svc":"h3-29=\":443\"; ma=2592000,h3-T051=\":443\"; ma=2592000,h3-Q050=\":443\"; ma=2592000,h3-Q046=\":443\"; ma=2592000,h3-Q043=\":443\"; ma=2592000,quic=\":443\"; ma=2592000; v=\"46,43\""}
[info] ✔  functions: functions folder uploaded successfully 
[info] i  functions: updating Node.js 10 function submitTimeOff(us-central1)... 
[debug] [2020-12-22T08:08:14.039Z] Trigger is:  {"httpsTrigger":{}}
[info] i  functions: updating Node.js 10 function submitSickDay(us-central1)... 
[debug] [2020-12-22T08:08:14.040Z] Trigger is:  {"httpsTrigger":{}}
[info] i  functions: updating Node.js 10 function submitMeetingReq(us-central1)... 
[debug] [2020-12-22T08:08:14.040Z] Trigger is:  {"httpsTrigger":{}}
[info] i  functions: updating Node.js 10 function submitEquipFailure(us-central1)... 
[debug] [2020-12-22T08:08:14.041Z] Trigger is:  {"httpsTrigger":{}}
[info] i  functions: updating Node.js 10 function submitFacilitiesIssue(us-central1)... 
[debug] [2020-12-22T08:08:14.041Z] Trigger is:  {"httpsTrigger":{}}
[info] i  functions: updating Node.js 10 function submitSuggestion(us-central1)... 
[debug] [2020-12-22T08:08:14.041Z] Trigger is:  {"httpsTrigger":{}}
[info] i  functions: updating Node.js 10 function submitMaterialRequest(us-central1)... 
[debug] [2020-12-22T08:08:14.042Z] Trigger is:  {"httpsTrigger":{}}
[info] i  functions: updating Node.js 10 function submitCovidForm(us-central1)... 
[debug] [2020-12-22T08:08:14.042Z] Trigger is:  {"httpsTrigger":{}}
[debug] [2020-12-22T08:08:14.045Z] >>> HTTP REQUEST PATCH https://cloudfunctions.googleapis.com/v1/projects/hrfmobile-5638b/locations/us-central1/functions/submitTimeOff {"updateMask":"sourceUploadUrl,name,labels,runtime,environmentVariables,httpsTrigger"} 
 {"sourceUploadUrl":"https://storage.googleapis.com/gcf-upload-us-central1-05002fbc-762c-4eca-b647-1cc10bbc5813/7813ceeb-22e7-4aaf-9f3f-50a9a9c87dfa.zip?GoogleAccessId=service-289707998906@gcf-admin-robot.iam.gserviceaccount.com&Expires=1608626293&Signature=VuTusFtrHZApD7Jk4q5Q9asvLcgZWKt0PZauH0Tk2C7pyovdpFe8aHWl%2B55KM7tK87yPKg79aULoRD%2F%2Fmcl32Oqxn4fEQgkMS34puuvbcFsjgvk8f%2BAul9QOXF3IzXL%2F%2BwXv06S%2BkfLc7bwdcU2qpmUCbUan%2Buty9iimij65zivdWgC5mpzL0jk7hJ8aY3cv1Y43NfSWICOjPsLTFHH%2FldzUy5Fs3rOWoe0v%2FnY4tDWJP2oe5mDrRO1d9adHOE747C1Hd8DXT7w3OMeKlKeCIows0l%2FJpXC5%2B2iISG8PKcAfNc5zlW9Gpy4cRNEhVAXeF8XADyD%2BYIR96Ga93yHJZg%3D%3D","name":"projects/hrfmobile-5638b/locations/us-central1/functions/submitTimeOff","labels":{"deployment-tool":"cli-firebase"},"httpsTrigger":{},"runtime":"nodejs10","environmentVariables":{"FIREBASE_CONFIG":"{\"projectId\":\"hrfmobile-5638b\",\"databaseURL\":\"https://hrfmobile-5638b.firebaseio.com\",\"storageBucket\":\"hrfmobile-5638b.appspot.com\",\"locationId\":\"us-east1\"}"}}
[debug] [2020-12-22T08:08:14.046Z] >>> HTTP REQUEST PATCH https://cloudfunctions.googleapis.com/v1/projects/hrfmobile-5638b/locations/us-central1/functions/submitSickDay {"updateMask":"sourceUploadUrl,name,labels,runtime,environmentVariables,httpsTrigger"} 
 {"sourceUploadUrl":"https://storage.googleapis.com/gcf-upload-us-central1-05002fbc-762c-4eca-b647-1cc10bbc5813/7813ceeb-22e7-4aaf-9f3f-50a9a9c87dfa.zip?GoogleAccessId=service-289707998906@gcf-admin-robot.iam.gserviceaccount.com&Expires=1608626293&Signature=VuTusFtrHZApD7Jk4q5Q9asvLcgZWKt0PZauH0Tk2C7pyovdpFe8aHWl%2B55KM7tK87yPKg79aULoRD%2F%2Fmcl32Oqxn4fEQgkMS34puuvbcFsjgvk8f%2BAul9QOXF3IzXL%2F%2BwXv06S%2BkfLc7bwdcU2qpmUCbUan%2Buty9iimij65zivdWgC5mpzL0jk7hJ8aY3cv1Y43NfSWICOjPsLTFHH%2FldzUy5Fs3rOWoe0v%2FnY4tDWJP2oe5mDrRO1d9adHOE747C1Hd8DXT7w3OMeKlKeCIows0l%2FJpXC5%2B2iISG8PKcAfNc5zlW9Gpy4cRNEhVAXeF8XADyD%2BYIR96Ga93yHJZg%3D%3D","name":"projects/hrfmobile-5638b/locations/us-central1/functions/submitSickDay","labels":{"deployment-tool":"cli-firebase"},"httpsTrigger":{},"runtime":"nodejs10","environmentVariables":{"FIREBASE_CONFIG":"{\"projectId\":\"hrfmobile-5638b\",\"databaseURL\":\"https://hrfmobile-5638b.firebaseio.com\",\"storageBucket\":\"hrfmobile-5638b.appspot.com\",\"locationId\":\"us-east1\"}"}}
[debug] [2020-12-22T08:08:14.046Z] >>> HTTP REQUEST PATCH https://cloudfunctions.googleapis.com/v1/projects/hrfmobile-5638b/locations/us-central1/functions/submitMeetingReq {"updateMask":"sourceUploadUrl,name,labels,runtime,environmentVariables,httpsTrigger"} 
 {"sourceUploadUrl":"https://storage.googleapis.com/gcf-upload-us-central1-05002fbc-762c-4eca-b647-1cc10bbc5813/7813ceeb-22e7-4aaf-9f3f-50a9a9c87dfa.zip?GoogleAccessId=service-289707998906@gcf-admin-robot.iam.gserviceaccount.com&Expires=1608626293&Signature=VuTusFtrHZApD7Jk4q5Q9asvLcgZWKt0PZauH0Tk2C7pyovdpFe8aHWl%2B55KM7tK87yPKg79aULoRD%2F%2Fmcl32Oqxn4fEQgkMS34puuvbcFsjgvk8f%2BAul9QOXF3IzXL%2F%2BwXv06S%2BkfLc7bwdcU2qpmUCbUan%2Buty9iimij65zivdWgC5mpzL0jk7hJ8aY3cv1Y43NfSWICOjPsLTFHH%2FldzUy5Fs3rOWoe0v%2FnY4tDWJP2oe5mDrRO1d9adHOE747C1Hd8DXT7w3OMeKlKeCIows0l%2FJpXC5%2B2iISG8PKcAfNc5zlW9Gpy4cRNEhVAXeF8XADyD%2BYIR96Ga93yHJZg%3D%3D","name":"projects/hrfmobile-5638b/locations/us-central1/functions/submitMeetingReq","labels":{"deployment-tool":"cli-firebase"},"httpsTrigger":{},"runtime":"nodejs10","environmentVariables":{"FIREBASE_CONFIG":"{\"projectId\":\"hrfmobile-5638b\",\"databaseURL\":\"https://hrfmobile-5638b.firebaseio.com\",\"storageBucket\":\"hrfmobile-5638b.appspot.com\",\"locationId\":\"us-east1\"}"}}
[debug] [2020-12-22T08:08:14.047Z] >>> HTTP REQUEST PATCH https://cloudfunctions.googleapis.com/v1/projects/hrfmobile-5638b/locations/us-central1/functions/submitEquipFailure {"updateMask":"sourceUploadUrl,name,labels,runtime,environmentVariables,httpsTrigger"} 
 {"sourceUploadUrl":"https://storage.googleapis.com/gcf-upload-us-central1-05002fbc-762c-4eca-b647-1cc10bbc5813/7813ceeb-22e7-4aaf-9f3f-50a9a9c87dfa.zip?GoogleAccessId=service-289707998906@gcf-admin-robot.iam.gserviceaccount.com&Expires=1608626293&Signature=VuTusFtrHZApD7Jk4q5Q9asvLcgZWKt0PZauH0Tk2C7pyovdpFe8aHWl%2B55KM7tK87yPKg79aULoRD%2F%2Fmcl32Oqxn4fEQgkMS34puuvbcFsjgvk8f%2BAul9QOXF3IzXL%2F%2BwXv06S%2BkfLc7bwdcU2qpmUCbUan%2Buty9iimij65zivdWgC5mpzL0jk7hJ8aY3cv1Y43NfSWICOjPsLTFHH%2FldzUy5Fs3rOWoe0v%2FnY4tDWJP2oe5mDrRO1d9adHOE747C1Hd8DXT7w3OMeKlKeCIows0l%2FJpXC5%2B2iISG8PKcAfNc5zlW9Gpy4cRNEhVAXeF8XADyD%2BYIR96Ga93yHJZg%3D%3D","name":"projects/hrfmobile-5638b/locations/us-central1/functions/submitEquipFailure","labels":{"deployment-tool":"cli-firebase"},"httpsTrigger":{},"runtime":"nodejs10","environmentVariables":{"FIREBASE_CONFIG":"{\"projectId\":\"hrfmobile-5638b\",\"databaseURL\":\"https://hrfmobile-5638b.firebaseio.com\",\"storageBucket\":\"hrfmobile-5638b.appspot.com\",\"locationId\":\"us-east1\"}"}}
[debug] [2020-12-22T08:08:14.048Z] >>> HTTP REQUEST PATCH https://cloudfunctions.googleapis.com/v1/projects/hrfmobile-5638b/locations/us-central1/functions/submitFacilitiesIssue {"updateMask":"sourceUploadUrl,name,labels,runtime,environmentVariables,httpsTrigger"} 
 {"sourceUploadUrl":"https://storage.googleapis.com/gcf-upload-us-central1-05002fbc-762c-4eca-b647-1cc10bbc5813/7813ceeb-22e7-4aaf-9f3f-50a9a9c87dfa.zip?GoogleAccessId=service-289707998906@gcf-admin-robot.iam.gserviceaccount.com&Expires=1608626293&Signature=VuTusFtrHZApD7Jk4q5Q9asvLcgZWKt0PZauH0Tk2C7pyovdpFe8aHWl%2B55KM7tK87yPKg79aULoRD%2F%2Fmcl32Oqxn4fEQgkMS34puuvbcFsjgvk8f%2BAul9QOXF3IzXL%2F%2BwXv06S%2BkfLc7bwdcU2qpmUCbUan%2Buty9iimij65zivdWgC5mpzL0jk7hJ8aY3cv1Y43NfSWICOjPsLTFHH%2FldzUy5Fs3rOWoe0v%2FnY4tDWJP2oe5mDrRO1d9adHOE747C1Hd8DXT7w3OMeKlKeCIows0l%2FJpXC5%2B2iISG8PKcAfNc5zlW9Gpy4cRNEhVAXeF8XADyD%2BYIR96Ga93yHJZg%3D%3D","name":"projects/hrfmobile-5638b/locations/us-central1/functions/submitFacilitiesIssue","labels":{"deployment-tool":"cli-firebase"},"httpsTrigger":{},"runtime":"nodejs10","environmentVariables":{"FIREBASE_CONFIG":"{\"projectId\":\"hrfmobile-5638b\",\"databaseURL\":\"https://hrfmobile-5638b.firebaseio.com\",\"storageBucket\":\"hrfmobile-5638b.appspot.com\",\"locationId\":\"us-east1\"}"}}
[debug] [2020-12-22T08:08:14.048Z] >>> HTTP REQUEST PATCH https://cloudfunctions.googleapis.com/v1/projects/hrfmobile-5638b/locations/us-central1/functions/submitSuggestion {"updateMask":"sourceUploadUrl,name,labels,runtime,environmentVariables,httpsTrigger"} 
 {"sourceUploadUrl":"https://storage.googleapis.com/gcf-upload-us-central1-05002fbc-762c-4eca-b647-1cc10bbc5813/7813ceeb-22e7-4aaf-9f3f-50a9a9c87dfa.zip?GoogleAccessId=service-289707998906@gcf-admin-robot.iam.gserviceaccount.com&Expires=1608626293&Signature=VuTusFtrHZApD7Jk4q5Q9asvLcgZWKt0PZauH0Tk2C7pyovdpFe8aHWl%2B55KM7tK87yPKg79aULoRD%2F%2Fmcl32Oqxn4fEQgkMS34puuvbcFsjgvk8f%2BAul9QOXF3IzXL%2F%2BwXv06S%2BkfLc7bwdcU2qpmUCbUan%2Buty9iimij65zivdWgC5mpzL0jk7hJ8aY3cv1Y43NfSWICOjPsLTFHH%2FldzUy5Fs3rOWoe0v%2FnY4tDWJP2oe5mDrRO1d9adHOE747C1Hd8DXT7w3OMeKlKeCIows0l%2FJpXC5%2B2iISG8PKcAfNc5zlW9Gpy4cRNEhVAXeF8XADyD%2BYIR96Ga93yHJZg%3D%3D","name":"projects/hrfmobile-5638b/locations/us-central1/functions/submitSuggestion","labels":{"deployment-tool":"cli-firebase"},"httpsTrigger":{},"runtime":"nodejs10","environmentVariables":{"FIREBASE_CONFIG":"{\"projectId\":\"hrfmobile-5638b\",\"databaseURL\":\"https://hrfmobile-5638b.firebaseio.com\",\"storageBucket\":\"hrfmobile-5638b.appspot.com\",\"locationId\":\"us-east1\"}"}}
[debug] [2020-12-22T08:08:14.051Z] >>> HTTP REQUEST PATCH https://cloudfunctions.googleapis.com/v1/projects/hrfmobile-5638b/locations/us-central1/functions/submitMaterialRequest {"updateMask":"sourceUploadUrl,name,labels,runtime,environmentVariables,httpsTrigger"} 
 {"sourceUploadUrl":"https://storage.googleapis.com/gcf-upload-us-central1-05002fbc-762c-4eca-b647-1cc10bbc5813/7813ceeb-22e7-4aaf-9f3f-50a9a9c87dfa.zip?GoogleAccessId=service-289707998906@gcf-admin-robot.iam.gserviceaccount.com&Expires=1608626293&Signature=VuTusFtrHZApD7Jk4q5Q9asvLcgZWKt0PZauH0Tk2C7pyovdpFe8aHWl%2B55KM7tK87yPKg79aULoRD%2F%2Fmcl32Oqxn4fEQgkMS34puuvbcFsjgvk8f%2BAul9QOXF3IzXL%2F%2BwXv06S%2BkfLc7bwdcU2qpmUCbUan%2Buty9iimij65zivdWgC5mpzL0jk7hJ8aY3cv1Y43NfSWICOjPsLTFHH%2FldzUy5Fs3rOWoe0v%2FnY4tDWJP2oe5mDrRO1d9adHOE747C1Hd8DXT7w3OMeKlKeCIows0l%2FJpXC5%2B2iISG8PKcAfNc5zlW9Gpy4cRNEhVAXeF8XADyD%2BYIR96Ga93yHJZg%3D%3D","name":"projects/hrfmobile-5638b/locations/us-central1/functions/submitMaterialRequest","labels":{"deployment-tool":"cli-firebase"},"httpsTrigger":{},"runtime":"nodejs10","environmentVariables":{"FIREBASE_CONFIG":"{\"projectId\":\"hrfmobile-5638b\",\"databaseURL\":\"https://hrfmobile-5638b.firebaseio.com\",\"storageBucket\":\"hrfmobile-5638b.appspot.com\",\"locationId\":\"us-east1\"}"}}
[debug] [2020-12-22T08:08:14.051Z] >>> HTTP REQUEST PATCH https://cloudfunctions.googleapis.com/v1/projects/hrfmobile-5638b/locations/us-central1/functions/submitCovidForm {"updateMask":"sourceUploadUrl,name,labels,runtime,environmentVariables,httpsTrigger"} 
 {"sourceUploadUrl":"https://storage.googleapis.com/gcf-upload-us-central1-05002fbc-762c-4eca-b647-1cc10bbc5813/7813ceeb-22e7-4aaf-9f3f-50a9a9c87dfa.zip?GoogleAccessId=service-289707998906@gcf-admin-robot.iam.gserviceaccount.com&Expires=1608626293&Signature=VuTusFtrHZApD7Jk4q5Q9asvLcgZWKt0PZauH0Tk2C7pyovdpFe8aHWl%2B55KM7tK87yPKg79aULoRD%2F%2Fmcl32Oqxn4fEQgkMS34puuvbcFsjgvk8f%2BAul9QOXF3IzXL%2F%2BwXv06S%2BkfLc7bwdcU2qpmUCbUan%2Buty9iimij65zivdWgC5mpzL0jk7hJ8aY3cv1Y43NfSWICOjPsLTFHH%2FldzUy5Fs3rOWoe0v%2FnY4tDWJP2oe5mDrRO1d9adHOE747C1Hd8DXT7w3OMeKlKeCIows0l%2FJpXC5%2B2iISG8PKcAfNc5zlW9Gpy4cRNEhVAXeF8XADyD%2BYIR96Ga93yHJZg%3D%3D","name":"projects/hrfmobile-5638b/locations/us-central1/functions/submitCovidForm","labels":{"deployment-tool":"cli-firebase"},"httpsTrigger":{},"runtime":"nodejs10","environmentVariables":{"FIREBASE_CONFIG":"{\"projectId\":\"hrfmobile-5638b\",\"databaseURL\":\"https://hrfmobile-5638b.firebaseio.com\",\"storageBucket\":\"hrfmobile-5638b.appspot.com\",\"locationId\":\"us-east1\"}"}}
[debug] [2020-12-22T08:08:14.660Z] <<< HTTP RESPONSE 200 {"content-type":"application/json; charset=UTF-8","vary":"X-Origin, Referer, Origin,Accept-Encoding","date":"Tue, 22 Dec 2020 08:08:14 GMT","server":"ESF","cache-control":"private","x-xss-protection":"0","x-frame-options":"SAMEORIGIN","x-content-type-options":"nosniff","alt-svc":"h3-29=\":443\"; ma=2592000,h3-T051=\":443\"; ma=2592000,h3-Q050=\":443\"; ma=2592000,h3-Q046=\":443\"; ma=2592000,h3-Q043=\":443\"; ma=2592000,quic=\":443\"; ma=2592000; v=\"46,43\"","accept-ranges":"none","transfer-encoding":"chunked"}
[debug] [2020-12-22T08:08:14.664Z] <<< HTTP RESPONSE 200 {"content-type":"application/json; charset=UTF-8","vary":"X-Origin, Referer, Origin,Accept-Encoding","date":"Tue, 22 Dec 2020 08:08:14 GMT","server":"ESF","cache-control":"private","x-xss-protection":"0","x-frame-options":"SAMEORIGIN","x-content-type-options":"nosniff","alt-svc":"h3-29=\":443\"; ma=2592000,h3-T051=\":443\"; ma=2592000,h3-Q050=\":443\"; ma=2592000,h3-Q046=\":443\"; ma=2592000,h3-Q043=\":443\"; ma=2592000,quic=\":443\"; ma=2592000; v=\"46,43\"","accept-ranges":"none","transfer-encoding":"chunked"}
[debug] [2020-12-22T08:08:14.672Z] <<< HTTP RESPONSE 200 {"content-type":"application/json; charset=UTF-8","vary":"X-Origin, Referer, Origin,Accept-Encoding","date":"Tue, 22 Dec 2020 08:08:14 GMT","server":"ESF","cache-control":"private","x-xss-protection":"0","x-frame-options":"SAMEORIGIN","x-content-type-options":"nosniff","alt-svc":"h3-29=\":443\"; ma=2592000,h3-T051=\":443\"; ma=2592000,h3-Q050=\":443\"; ma=2592000,h3-Q046=\":443\"; ma=2592000,h3-Q043=\":443\"; ma=2592000,quic=\":443\"; ma=2592000; v=\"46,43\"","accept-ranges":"none","transfer-encoding":"chunked"}
[debug] [2020-12-22T08:08:14.674Z] <<< HTTP RESPONSE 200 {"content-type":"application/json; charset=UTF-8","vary":"X-Origin, Referer, Origin,Accept-Encoding","date":"Tue, 22 Dec 2020 08:08:14 GMT","server":"ESF","cache-control":"private","x-xss-protection":"0","x-frame-options":"SAMEORIGIN","x-content-type-options":"nosniff","alt-svc":"h3-29=\":443\"; ma=2592000,h3-T051=\":443\"; ma=2592000,h3-Q050=\":443\"; ma=2592000,h3-Q046=\":443\"; ma=2592000,h3-Q043=\":443\"; ma=2592000,quic=\":443\"; ma=2592000; v=\"46,43\"","accept-ranges":"none","transfer-encoding":"chunked"}
[debug] [2020-12-22T08:08:14.680Z] <<< HTTP RESPONSE 200 {"content-type":"application/json; charset=UTF-8","vary":"X-Origin, Referer, Origin,Accept-Encoding","date":"Tue, 22 Dec 2020 08:08:14 GMT","server":"ESF","cache-control":"private","x-xss-protection":"0","x-frame-options":"SAMEORIGIN","x-content-type-options":"nosniff","alt-svc":"h3-29=\":443\"; ma=2592000,h3-T051=\":443\"; ma=2592000,h3-Q050=\":443\"; ma=2592000,h3-Q046=\":443\"; ma=2592000,h3-Q043=\":443\"; ma=2592000,quic=\":443\"; ma=2592000; v=\"46,43\"","accept-ranges":"none","transfer-encoding":"chunked"}
[debug] [2020-12-22T08:08:14.686Z] <<< HTTP RESPONSE 200 {"content-type":"application/json; charset=UTF-8","vary":"X-Origin, Referer, Origin,Accept-Encoding","date":"Tue, 22 Dec 2020 08:08:14 GMT","server":"ESF","cache-control":"private","x-xss-protection":"0","x-frame-options":"SAMEORIGIN","x-content-type-options":"nosniff","alt-svc":"h3-29=\":443\"; ma=2592000,h3-T051=\":443\"; ma=2592000,h3-Q050=\":443\"; ma=2592000,h3-Q046=\":443\"; ma=2592000,h3-Q043=\":443\"; ma=2592000,quic=\":443\"; ma=2592000; v=\"46,43\"","accept-ranges":"none","transfer-encoding":"chunked"}
[debug] [2020-12-22T08:08:14.689Z] <<< HTTP RESPONSE 200 {"content-type":"application/json; charset=UTF-8","vary":"X-Origin, Referer, Origin,Accept-Encoding","date":"Tue, 22 Dec 2020 08:08:14 GMT","server":"ESF","cache-control":"private","x-xss-protection":"0","x-frame-options":"SAMEORIGIN","x-content-type-options":"nosniff","alt-svc":"h3-29=\":443\"; ma=2592000,h3-T051=\":443\"; ma=2592000,h3-Q050=\":443\"; ma=2592000,h3-Q046=\":443\"; ma=2592000,h3-Q043=\":443\"; ma=2592000,quic=\":443\"; ma=2592000; v=\"46,43\"","accept-ranges":"none","transfer-encoding":"chunked"}
[debug] [2020-12-22T08:08:14.701Z] <<< HTTP RESPONSE 200 {"content-type":"application/json; charset=UTF-8","vary":"X-Origin, Referer, Origin,Accept-Encoding","date":"Tue, 22 Dec 2020 08:08:14 GMT","server":"ESF","cache-control":"private","x-xss-protection":"0","x-frame-options":"SAMEORIGIN","x-content-type-options":"nosniff","alt-svc":"h3-29=\":443\"; ma=2592000,h3-T051=\":443\"; ma=2592000,h3-Q050=\":443\"; ma=2592000,h3-Q046=\":443\"; ma=2592000,h3-Q043=\":443\"; ma=2592000,quic=\":443\"; ma=2592000; v=\"46,43\"","accept-ranges":"none","transfer-encoding":"chunked"}
[debug] [2020-12-22T08:08:14.703Z] >>> HTTP REQUEST GET https://cloudfunctions.googleapis.com/v1/projects/hrfmobile-5638b/locations/-/functions  
 
[debug] [2020-12-22T08:08:15.391Z] <<< HTTP RESPONSE 200 {"content-type":"application/json; charset=UTF-8","vary":"X-Origin, Referer, Origin,Accept-Encoding","date":"Tue, 22 Dec 2020 08:08:15 GMT","server":"ESF","cache-control":"private","x-xss-protection":"0","x-frame-options":"SAMEORIGIN","x-content-type-options":"nosniff","alt-svc":"h3-29=\":443\"; ma=2592000,h3-T051=\":443\"; ma=2592000,h3-Q050=\":443\"; ma=2592000,h3-Q046=\":443\"; ma=2592000,h3-Q043=\":443\"; ma=2592000,quic=\":443\"; ma=2592000; v=\"46,43\"","accept-ranges":"none","transfer-encoding":"chunked"}
[debug] [2020-12-22T08:08:15.393Z] >>> HTTP REQUEST GET https://cloudfunctions.googleapis.com/v1/operations/aHJmbW9iaWxlLTU2MzhiL3VzLWNlbnRyYWwxL3N1Ym1pdFRpbWVPZmYvN2QtMVRoZ2dTOVk  
 
[debug] [2020-12-22T08:08:15.393Z] >>> HTTP REQUEST GET https://cloudfunctions.googleapis.com/v1/operations/aHJmbW9iaWxlLTU2MzhiL3VzLWNlbnRyYWwxL3N1Ym1pdFNpY2tEYXkvY2owR0RERjg1d1k  
 
[debug] [2020-12-22T08:08:15.395Z] >>> HTTP REQUEST GET https://cloudfunctions.googleapis.com/v1/operations/aHJmbW9iaWxlLTU2MzhiL3VzLWNlbnRyYWwxL3N1Ym1pdE1lZXRpbmdSZXEvWlE5eE5YQm5Gd1U  
 
[debug] [2020-12-22T08:08:15.396Z] >>> HTTP REQUEST GET https://cloudfunctions.googleapis.com/v1/operations/aHJmbW9iaWxlLTU2MzhiL3VzLWNlbnRyYWwxL3N1Ym1pdEVxdWlwRmFpbHVyZS9vb3VSekZrbVRVTQ  
 
[debug] [2020-12-22T08:08:15.396Z] >>> HTTP REQUEST GET https://cloudfunctions.googleapis.com/v1/operations/aHJmbW9iaWxlLTU2MzhiL3VzLWNlbnRyYWwxL3N1Ym1pdEZhY2lsaXRpZXNJc3N1ZS9vMlZhZy1LUjVtZw  
 
[debug] [2020-12-22T08:08:15.397Z] >>> HTTP REQUEST GET https://cloudfunctions.googleapis.com/v1/operations/aHJmbW9iaWxlLTU2MzhiL3VzLWNlbnRyYWwxL3N1Ym1pdFN1Z2dlc3Rpb24vdXZ4dnJqY0c2SHM  
 
[debug] [2020-12-22T08:08:15.397Z] >>> HTTP REQUEST GET https://cloudfunctions.googleapis.com/v1/operations/aHJmbW9iaWxlLTU2MzhiL3VzLWNlbnRyYWwxL3N1Ym1pdE1hdGVyaWFsUmVxdWVzdC8zbHo4d0lMSHNnNA  
 
[debug] [2020-12-22T08:08:15.397Z] >>> HTTP REQUEST GET https://cloudfunctions.googleapis.com/v1/operations/aHJmbW9iaWxlLTU2MzhiL3VzLWNlbnRyYWwxL3N1Ym1pdENvdmlkRm9ybS81MDNIQ1RGWTdPNA  
 
[debug] [2020-12-22T08:08:15.777Z] <<< HTTP RESPONSE 200 {"content-type":"application/json; charset=UTF-8","vary":"X-Origin, Referer, Origin,Accept-Encoding","date":"Tue, 22 Dec 2020 08:08:15 GMT","server":"ESF","cache-control":"private","x-xss-protection":"0","x-frame-options":"SAMEORIGIN","x-content-type-options":"nosniff","alt-svc":"h3-29=\":443\"; ma=2592000,h3-T051=\":443\"; ma=2592000,h3-Q050=\":443\"; ma=2592000,h3-Q046=\":443\"; ma=2592000,h3-Q043=\":443\"; ma=2592000,quic=\":443\"; ma=2592000; v=\"46,43\"","accept-ranges":"none","transfer-encoding":"chunked"}
[debug] [2020-12-22T08:08:15.782Z] <<< HTTP RESPONSE 200 {"content-type":"application/json; charset=UTF-8","vary":"X-Origin, Referer, Origin,Accept-Encoding","date":"Tue, 22 Dec 2020 08:08:15 GMT","server":"ESF","cache-control":"private","x-xss-protection":"0","x-frame-options":"SAMEORIGIN","x-content-type-options":"nosniff","alt-svc":"h3-29=\":443\"; ma=2592000,h3-T051=\":443\"; ma=2592000,h3-Q050=\":443\"; ma=2592000,h3-Q046=\":443\"; ma=2592000,h3-Q043=\":443\"; ma=2592000,quic=\":443\"; ma=2592000; v=\"46,43\"","accept-ranges":"none","transfer-encoding":"chunked"}
[debug] [2020-12-22T08:08:15.784Z] <<< HTTP RESPONSE 200 {"content-type":"application/json; charset=UTF-8","vary":"X-Origin, Referer, Origin,Accept-Encoding","date":"Tue, 22 Dec 2020 08:08:15 GMT","server":"ESF","cache-control":"private","x-xss-protection":"0","x-frame-options":"SAMEORIGIN","x-content-type-options":"nosniff","alt-svc":"h3-29=\":443\"; ma=2592000,h3-T051=\":443\"; ma=2592000,h3-Q050=\":443\"; ma=2592000,h3-Q046=\":443\"; ma=2592000,h3-Q043=\":443\"; ma=2592000,quic=\":443\"; ma=2592000; v=\"46,43\"","accept-ranges":"none","transfer-encoding":"chunked"}
[debug] [2020-12-22T08:08:15.788Z] <<< HTTP RESPONSE 200 {"content-type":"application/json; charset=UTF-8","vary":"X-Origin, Referer, Origin,Accept-Encoding","date":"Tue, 22 Dec 2020 08:08:15 GMT","server":"ESF","cache-control":"private","x-xss-protection":"0","x-frame-options":"SAMEORIGIN","x-content-type-options":"nosniff","alt-svc":"h3-29=\":443\"; ma=2592000,h3-T051=\":443\"; ma=2592000,h3-Q050=\":443\"; ma=2592000,h3-Q046=\":443\"; ma=2592000,h3-Q043=\":443\"; ma=2592000,quic=\":443\"; ma=2592000; v=\"46,43\"","accept-ranges":"none","transfer-encoding":"chunked"}
[debug] [2020-12-22T08:08:15.794Z] <<< HTTP RESPONSE 200 {"content-type":"application/json; charset=UTF-8","vary":"X-Origin, Referer, Origin,Accept-Encoding","date":"Tue, 22 Dec 2020 08:08:15 GMT","server":"ESF","cache-control":"private","x-xss-protection":"0","x-frame-options":"SAMEORIGIN","x-content-type-options":"nosniff","alt-svc":"h3-29=\":443\"; ma=2592000,h3-T051=\":443\"; ma=2592000,h3-Q050=\":443\"; ma=2592000,h3-Q046=\":443\"; ma=2592000,h3-Q043=\":443\"; ma=2592000,quic=\":443\"; ma=2592000; v=\"46,43\"","accept-ranges":"none","transfer-encoding":"chunked"}
[debug] [2020-12-22T08:08:15.795Z] <<< HTTP RESPONSE 200 {"content-type":"application/json; charset=UTF-8","vary":"X-Origin, Referer, Origin,Accept-Encoding","date":"Tue, 22 Dec 2020 08:08:15 GMT","server":"ESF","cache-control":"private","x-xss-protection":"0","x-frame-options":"SAMEORIGIN","x-content-type-options":"nosniff","alt-svc":"h3-29=\":443\"; ma=2592000,h3-T051=\":443\"; ma=2592000,h3-Q050=\":443\"; ma=2592000,h3-Q046=\":443\"; ma=2592000,h3-Q043=\":443\"; ma=2592000,quic=\":443\"; ma=2592000; v=\"46,43\"","accept-ranges":"none","transfer-encoding":"chunked"}
[debug] [2020-12-22T08:08:15.797Z] <<< HTTP RESPONSE 200 {"content-type":"application/json; charset=UTF-8","vary":"X-Origin, Referer, Origin,Accept-Encoding","date":"Tue, 22 Dec 2020 08:08:15 GMT","server":"ESF","cache-control":"private","x-xss-protection":"0","x-frame-options":"SAMEORIGIN","x-content-type-options":"nosniff","alt-svc":"h3-29=\":443\"; ma=2592000,h3-T051=\":443\"; ma=2592000,h3-Q050=\":443\"; ma=2592000,h3-Q046=\":443\"; ma=2592000,h3-Q043=\":443\"; ma=2592000,quic=\":443\"; ma=2592000; v=\"46,43\"","accept-ranges":"none","transfer-encoding":"chunked"}
[debug] [2020-12-22T08:08:15.804Z] <<< HTTP RESPONSE 200 {"content-type":"application/json; charset=UTF-8","vary":"X-Origin, Referer, Origin,Accept-Encoding","date":"Tue, 22 Dec 2020 08:08:15 GMT","server":"ESF","cache-control":"private","x-xss-protection":"0","x-frame-options":"SAMEORIGIN","x-content-type-options":"nosniff","alt-svc":"h3-29=\":443\"; ma=2592000,h3-T051=\":443\"; ma=2592000,h3-Q050=\":443\"; ma=2592000,h3-Q046=\":443\"; ma=2592000,h3-Q043=\":443\"; ma=2592000,quic=\":443\"; ma=2592000; v=\"46,43\"","accept-ranges":"none","transfer-encoding":"chunked"}
[debug] [2020-12-22T08:08:17.782Z] >>> HTTP REQUEST GET https://cloudfunctions.googleapis.com/v1/operations/aHJmbW9iaWxlLTU2MzhiL3VzLWNlbnRyYWwxL3N1Ym1pdEZhY2lsaXRpZXNJc3N1ZS9vMlZhZy1LUjVtZw  
 
[debug] [2020-12-22T08:08:17.785Z] >>> HTTP REQUEST GET https://cloudfunctions.googleapis.com/v1/operations/aHJmbW9iaWxlLTU2MzhiL3VzLWNlbnRyYWwxL3N1Ym1pdFN1Z2dlc3Rpb24vdXZ4dnJqY0c2SHM  
 
[debug] [2020-12-22T08:08:17.786Z] >>> HTTP REQUEST GET https://cloudfunctions.googleapis.com/v1/operations/aHJmbW9iaWxlLTU2MzhiL3VzLWNlbnRyYWwxL3N1Ym1pdENvdmlkRm9ybS81MDNIQ1RGWTdPNA  
 
[debug] [2020-12-22T08:08:17.791Z] >>> HTTP REQUEST GET https://cloudfunctions.googleapis.com/v1/operations/aHJmbW9iaWxlLTU2MzhiL3VzLWNlbnRyYWwxL3N1Ym1pdE1lZXRpbmdSZXEvWlE5eE5YQm5Gd1U  
 
[debug] [2020-12-22T08:08:17.794Z] >>> HTTP REQUEST GET https://cloudfunctions.googleapis.com/v1/operations/aHJmbW9iaWxlLTU2MzhiL3VzLWNlbnRyYWwxL3N1Ym1pdEVxdWlwRmFpbHVyZS9vb3VSekZrbVRVTQ  
 
[debug] [2020-12-22T08:08:17.796Z] >>> HTTP REQUEST GET https://cloudfunctions.googleapis.com/v1/operations/aHJmbW9iaWxlLTU2MzhiL3VzLWNlbnRyYWwxL3N1Ym1pdFNpY2tEYXkvY2owR0RERjg1d1k  
 
[debug] [2020-12-22T08:08:17.799Z] >>> HTTP REQUEST GET https://cloudfunctions.googleapis.com/v1/operations/aHJmbW9iaWxlLTU2MzhiL3VzLWNlbnRyYWwxL3N1Ym1pdE1hdGVyaWFsUmVxdWVzdC8zbHo4d0lMSHNnNA  
 
[debug] [2020-12-22T08:08:17.805Z] >>> HTTP REQUEST GET https://cloudfunctions.googleapis.com/v1/operations/aHJmbW9iaWxlLTU2MzhiL3VzLWNlbnRyYWwxL3N1Ym1pdFRpbWVPZmYvN2QtMVRoZ2dTOVk  
 
[debug] [2020-12-22T08:08:18.172Z] <<< HTTP RESPONSE 200 {"content-type":"application/json; charset=UTF-8","vary":"X-Origin, Referer, Origin,Accept-Encoding","date":"Tue, 22 Dec 2020 08:08:18 GMT","server":"ESF","cache-control":"private","x-xss-protection":"0","x-frame-options":"SAMEORIGIN","x-content-type-options":"nosniff","alt-svc":"h3-29=\":443\"; ma=2592000,h3-T051=\":443\"; ma=2592000,h3-Q050=\":443\"; ma=2592000,h3-Q046=\":443\"; ma=2592000,h3-Q043=\":443\"; ma=2592000,quic=\":443\"; ma=2592000; v=\"46,43\"","accept-ranges":"none","transfer-encoding":"chunked"}
[debug] [2020-12-22T08:08:18.182Z] <<< HTTP RESPONSE 200 {"content-type":"application/json; charset=UTF-8","vary":"X-Origin, Referer, Origin,Accept-Encoding","date":"Tue, 22 Dec 2020 08:08:18 GMT","server":"ESF","cache-control":"private","x-xss-protection":"0","x-frame-options":"SAMEORIGIN","x-content-type-options":"nosniff","alt-svc":"h3-29=\":443\"; ma=2592000,h3-T051=\":443\"; ma=2592000,h3-Q050=\":443\"; ma=2592000,h3-Q046=\":443\"; ma=2592000,h3-Q043=\":443\"; ma=2592000,quic=\":443\"; ma=2592000; v=\"46,43\"","accept-ranges":"none","transfer-encoding":"chunked"}
[debug] [2020-12-22T08:08:18.183Z] <<< HTTP RESPONSE 200 {"content-type":"application/json; charset=UTF-8","vary":"X-Origin, Referer, Origin,Accept-Encoding","date":"Tue, 22 Dec 2020 08:08:18 GMT","server":"ESF","cache-control":"private","x-xss-protection":"0","x-frame-options":"SAMEORIGIN","x-content-type-options":"nosniff","alt-svc":"h3-29=\":443\"; ma=2592000,h3-T051=\":443\"; ma=2592000,h3-Q050=\":443\"; ma=2592000,h3-Q046=\":443\"; ma=2592000,h3-Q043=\":443\"; ma=2592000,quic=\":443\"; ma=2592000; v=\"46,43\"","accept-ranges":"none","transfer-encoding":"chunked"}
[debug] [2020-12-22T08:08:18.186Z] <<< HTTP RESPONSE 200 {"content-type":"application/json; charset=UTF-8","vary":"X-Origin, Referer, Origin,Accept-Encoding","date":"Tue, 22 Dec 2020 08:08:18 GMT","server":"ESF","cache-control":"private","x-xss-protection":"0","x-frame-options":"SAMEORIGIN","x-content-type-options":"nosniff","alt-svc":"h3-29=\":443\"; ma=2592000,h3-T051=\":443\"; ma=2592000,h3-Q050=\":443\"; ma=2592000,h3-Q046=\":443\"; ma=2592000,h3-Q043=\":443\"; ma=2592000,quic=\":443\"; ma=2592000; v=\"46,43\"","accept-ranges":"none","transfer-encoding":"chunked"}
[debug] [2020-12-22T08:08:18.187Z] <<< HTTP RESPONSE 200 {"content-type":"application/json; charset=UTF-8","vary":"X-Origin, Referer, Origin,Accept-Encoding","date":"Tue, 22 Dec 2020 08:08:18 GMT","server":"ESF","cache-control":"private","x-xss-protection":"0","x-frame-options":"SAMEORIGIN","x-content-type-options":"nosniff","alt-svc":"h3-29=\":443\"; ma=2592000,h3-T051=\":443\"; ma=2592000,h3-Q050=\":443\"; ma=2592000,h3-Q046=\":443\"; ma=2592000,h3-Q043=\":443\"; ma=2592000,quic=\":443\"; ma=2592000; v=\"46,43\"","accept-ranges":"none","transfer-encoding":"chunked"}
[debug] [2020-12-22T08:08:18.188Z] <<< HTTP RESPONSE 200 {"content-type":"application/json; charset=UTF-8","vary":"X-Origin, Referer, Origin,Accept-Encoding","date":"Tue, 22 Dec 2020 08:08:18 GMT","server":"ESF","cache-control":"private","x-xss-protection":"0","x-frame-options":"SAMEORIGIN","x-content-type-options":"nosniff","alt-svc":"h3-29=\":443\"; ma=2592000,h3-T051=\":443\"; ma=2592000,h3-Q050=\":443\"; ma=2592000,h3-Q046=\":443\"; ma=2592000,h3-Q043=\":443\"; ma=2592000,quic=\":443\"; ma=2592000; v=\"46,43\"","accept-ranges":"none","transfer-encoding":"chunked"}
[debug] [2020-12-22T08:08:18.189Z] <<< HTTP RESPONSE 200 {"content-type":"application/json; charset=UTF-8","vary":"X-Origin, Referer, Origin,Accept-Encoding","date":"Tue, 22 Dec 2020 08:08:18 GMT","server":"ESF","cache-control":"private","x-xss-protection":"0","x-frame-options":"SAMEORIGIN","x-content-type-options":"nosniff","alt-svc":"h3-29=\":443\"; ma=2592000,h3-T051=\":443\"; ma=2592000,h3-Q050=\":443\"; ma=2592000,h3-Q046=\":443\"; ma=2592000,h3-Q043=\":443\"; ma=2592000,quic=\":443\"; ma=2592000; v=\"46,43\"","accept-ranges":"none","transfer-encoding":"chunked"}
[debug] [2020-12-22T08:08:18.193Z] <<< HTTP RESPONSE 200 {"content-type":"application/json; charset=UTF-8","vary":"X-Origin, Referer, Origin,Accept-Encoding","date":"Tue, 22 Dec 2020 08:08:18 GMT","server":"ESF","cache-control":"private","x-xss-protection":"0","x-frame-options":"SAMEORIGIN","x-content-type-options":"nosniff","alt-svc":"h3-29=\":443\"; ma=2592000,h3-T051=\":443\"; ma=2592000,h3-Q050=\":443\"; ma=2592000,h3-Q046=\":443\"; ma=2592000,h3-Q043=\":443\"; ma=2592000,quic=\":443\"; ma=2592000; v=\"46,43\"","accept-ranges":"none","transfer-encoding":"chunked"}
[debug] [2020-12-22T08:08:20.175Z] >>> HTTP REQUEST GET https://cloudfunctions.googleapis.com/v1/operations/aHJmbW9iaWxlLTU2MzhiL3VzLWNlbnRyYWwxL3N1Ym1pdENvdmlkRm9ybS81MDNIQ1RGWTdPNA  
 
[debug] [2020-12-22T08:08:20.184Z] >>> HTTP REQUEST GET https://cloudfunctions.googleapis.com/v1/operations/aHJmbW9iaWxlLTU2MzhiL3VzLWNlbnRyYWwxL3N1Ym1pdEZhY2lsaXRpZXNJc3N1ZS9vMlZhZy1LUjVtZw  
 
[debug] [2020-12-22T08:08:20.185Z] >>> HTTP REQUEST GET https://cloudfunctions.googleapis.com/v1/operations/aHJmbW9iaWxlLTU2MzhiL3VzLWNlbnRyYWwxL3N1Ym1pdFNpY2tEYXkvY2owR0RERjg1d1k  
 
[debug] [2020-12-22T08:08:20.187Z] >>> HTTP REQUEST GET https://cloudfunctions.googleapis.com/v1/operations/aHJmbW9iaWxlLTU2MzhiL3VzLWNlbnRyYWwxL3N1Ym1pdEVxdWlwRmFpbHVyZS9vb3VSekZrbVRVTQ  
 
[debug] [2020-12-22T08:08:20.187Z] >>> HTTP REQUEST GET https://cloudfunctions.googleapis.com/v1/operations/aHJmbW9iaWxlLTU2MzhiL3VzLWNlbnRyYWwxL3N1Ym1pdE1hdGVyaWFsUmVxdWVzdC8zbHo4d0lMSHNnNA  
 
[debug] [2020-12-22T08:08:20.189Z] >>> HTTP REQUEST GET https://cloudfunctions.googleapis.com/v1/operations/aHJmbW9iaWxlLTU2MzhiL3VzLWNlbnRyYWwxL3N1Ym1pdE1lZXRpbmdSZXEvWlE5eE5YQm5Gd1U  
 
[debug] [2020-12-22T08:08:20.190Z] >>> HTTP REQUEST GET https://cloudfunctions.googleapis.com/v1/operations/aHJmbW9iaWxlLTU2MzhiL3VzLWNlbnRyYWwxL3N1Ym1pdFN1Z2dlc3Rpb24vdXZ4dnJqY0c2SHM  
 
[debug] [2020-12-22T08:08:20.194Z] >>> HTTP REQUEST GET https://cloudfunctions.googleapis.com/v1/operations/aHJmbW9iaWxlLTU2MzhiL3VzLWNlbnRyYWwxL3N1Ym1pdFRpbWVPZmYvN2QtMVRoZ2dTOVk  
 
[debug] [2020-12-22T08:08:20.545Z] <<< HTTP RESPONSE 200 {"content-type":"application/json; charset=UTF-8","vary":"X-Origin, Referer, Origin,Accept-Encoding","date":"Tue, 22 Dec 2020 08:08:20 GMT","server":"ESF","cache-control":"private","x-xss-protection":"0","x-frame-options":"SAMEORIGIN","x-content-type-options":"nosniff","alt-svc":"h3-29=\":443\"; ma=2592000,h3-T051=\":443\"; ma=2592000,h3-Q050=\":443\"; ma=2592000,h3-Q046=\":443\"; ma=2592000,h3-Q043=\":443\"; ma=2592000,quic=\":443\"; ma=2592000; v=\"46,43\"","accept-ranges":"none","transfer-encoding":"chunked"}
[debug] [2020-12-22T08:08:20.560Z] <<< HTTP RESPONSE 200 {"content-type":"application/json; charset=UTF-8","vary":"X-Origin, Referer, Origin,Accept-Encoding","date":"Tue, 22 Dec 2020 08:08:20 GMT","server":"ESF","cache-control":"private","x-xss-protection":"0","x-frame-options":"SAMEORIGIN","x-content-type-options":"nosniff","alt-svc":"h3-29=\":443\"; ma=2592000,h3-T051=\":443\"; ma=2592000,h3-Q050=\":443\"; ma=2592000,h3-Q046=\":443\"; ma=2592000,h3-Q043=\":443\"; ma=2592000,quic=\":443\"; ma=2592000; v=\"46,43\"","accept-ranges":"none","transfer-encoding":"chunked"}
[debug] [2020-12-22T08:08:20.569Z] <<< HTTP RESPONSE 200 {"content-type":"application/json; charset=UTF-8","vary":"X-Origin, Referer, Origin,Accept-Encoding","date":"Tue, 22 Dec 2020 08:08:20 GMT","server":"ESF","cache-control":"private","x-xss-protection":"0","x-frame-options":"SAMEORIGIN","x-content-type-options":"nosniff","alt-svc":"h3-29=\":443\"; ma=2592000,h3-T051=\":443\"; ma=2592000,h3-Q050=\":443\"; ma=2592000,h3-Q046=\":443\"; ma=2592000,h3-Q043=\":443\"; ma=2592000,quic=\":443\"; ma=2592000; v=\"46,43\"","accept-ranges":"none","transfer-encoding":"chunked"}
[debug] [2020-12-22T08:08:20.570Z] <<< HTTP RESPONSE 200 {"content-type":"application/json; charset=UTF-8","vary":"X-Origin, Referer, Origin,Accept-Encoding","date":"Tue, 22 Dec 2020 08:08:20 GMT","server":"ESF","cache-control":"private","x-xss-protection":"0","x-frame-options":"SAMEORIGIN","x-content-type-options":"nosniff","alt-svc":"h3-29=\":443\"; ma=2592000,h3-T051=\":443\"; ma=2592000,h3-Q050=\":443\"; ma=2592000,h3-Q046=\":443\"; ma=2592000,h3-Q043=\":443\"; ma=2592000,quic=\":443\"; ma=2592000; v=\"46,43\"","accept-ranges":"none","transfer-encoding":"chunked"}
[debug] [2020-12-22T08:08:20.572Z] <<< HTTP RESPONSE 200 {"content-type":"application/json; charset=UTF-8","vary":"X-Origin, Referer, Origin,Accept-Encoding","date":"Tue, 22 Dec 2020 08:08:20 GMT","server":"ESF","cache-control":"private","x-xss-protection":"0","x-frame-options":"SAMEORIGIN","x-content-type-options":"nosniff","alt-svc":"h3-29=\":443\"; ma=2592000,h3-T051=\":443\"; ma=2592000,h3-Q050=\":443\"; ma=2592000,h3-Q046=\":443\"; ma=2592000,h3-Q043=\":443\"; ma=2592000,quic=\":443\"; ma=2592000; v=\"46,43\"","accept-ranges":"none","transfer-encoding":"chunked"}
[debug] [2020-12-22T08:08:20.576Z] <<< HTTP RESPONSE 200 {"content-type":"application/json; charset=UTF-8","vary":"X-Origin, Referer, Origin,Accept-Encoding","date":"Tue, 22 Dec 2020 08:08:20 GMT","server":"ESF","cache-control":"private","x-xss-protection":"0","x-frame-options":"SAMEORIGIN","x-content-type-options":"nosniff","alt-svc":"h3-29=\":443\"; ma=2592000,h3-T051=\":443\"; ma=2592000,h3-Q050=\":443\"; ma=2592000,h3-Q046=\":443\"; ma=2592000,h3-Q043=\":443\"; ma=2592000,quic=\":443\"; ma=2592000; v=\"46,43\"","accept-ranges":"none","transfer-encoding":"chunked"}
[debug] [2020-12-22T08:08:20.588Z] <<< HTTP RESPONSE 200 {"content-type":"application/json; charset=UTF-8","vary":"X-Origin, Referer, Origin,Accept-Encoding","date":"Tue, 22 Dec 2020 08:08:20 GMT","server":"ESF","cache-control":"private","x-xss-protection":"0","x-frame-options":"SAMEORIGIN","x-content-type-options":"nosniff","alt-svc":"h3-29=\":443\"; ma=2592000,h3-T051=\":443\"; ma=2592000,h3-Q050=\":443\"; ma=2592000,h3-Q046=\":443\"; ma=2592000,h3-Q043=\":443\"; ma=2592000,quic=\":443\"; ma=2592000; v=\"46,43\"","accept-ranges":"none","transfer-encoding":"chunked"}
[debug] [2020-12-22T08:08:20.603Z] <<< HTTP RESPONSE 200 {"content-type":"application/json; charset=UTF-8","vary":"X-Origin, Referer, Origin,Accept-Encoding","date":"Tue, 22 Dec 2020 08:08:20 GMT","server":"ESF","cache-control":"private","x-xss-protection":"0","x-frame-options":"SAMEORIGIN","x-content-type-options":"nosniff","alt-svc":"h3-29=\":443\"; ma=2592000,h3-T051=\":443\"; ma=2592000,h3-Q050=\":443\"; ma=2592000,h3-Q046=\":443\"; ma=2592000,h3-Q043=\":443\"; ma=2592000,quic=\":443\"; ma=2592000; v=\"46,43\"","accept-ranges":"none","transfer-encoding":"chunked"}
